scripts/build-plugins.sh
Usage: 
  build all plugins:              scripts/build-plugins.sh [golang build flags...]
  build and keep specified plugins only: DEVLAKE_PLUGINS=github,jira scripts/build-plugins.sh [golang build flags...]
Building the following plugins: 
Building plugin q_dev to bin/plugins/q_dev/q_dev.so with args:   --gcflags=
go run server/main.go
Version:  dev
time="2025-04-07 14:34:33" level=info msg="migrator has been initialized"
time="2025-04-07 14:34:34" level=info msg="plugin loaded q_dev"
time="2025-04-07 14:34:34" level=info msg="all plugins have been loaded"
time="2025-04-07 14:34:34" level=info msg="register plugin:q_dev's migrations scripts"
time="2025-04-07 14:34:34" level=info msg="has pending scripts? false, FORCE_MIGRATION: true"
time="2025-04-07 14:34:34" level=info msg=" [migrator] [Execute] pending scripts: 0, executed scripts: 145, total: 112"
time="2025-04-07 14:34:34" level=info msg="added blueprint 2 to cronjobs, cron id: 1, cron config: 0 0 * * *"
time="2025-04-07 14:34:34" level=info msg="added blueprint 1 to cronjobs, cron id: 2, cron config: 0 0 * * *"
time="2025-04-07 14:34:34" level=info msg="total 2 blueprints were scheduled"
time="2025-04-07 14:34:34" level=info msg="no db migration needed"
[GIN-debug] [WARNING] Creating an Engine instance with the Logger and Recovery middleware already attached.

[GIN-debug] [WARNING] Running in "debug" mode. Switch to "release" mode in production.
 - using env:	export GIN_MODE=release
 - using code:	gin.SetMode(gin.ReleaseMode)

time="2025-04-07 14:34:34" level=info msg=" [pipeline service] get lock and wait next pipeline"
[GIN-debug] GET    /ping                     --> github.com/apache/incubator-devlake/server/api/ping.Get (4 handlers)
[GIN-debug] GET    /ready                    --> github.com/apache/incubator-devlake/server/api/ping.Ready (4 handlers)
[GIN-debug] GET    /health                   --> github.com/apache/incubator-devlake/server/api/ping.Health (4 handlers)
[GIN-debug] GET    /version                  --> github.com/apache/incubator-devlake/server/api/version.Get (4 handlers)
[GIN] 2025/04/07 - 14:34:46 | 200 |     7.56475ms |             ::1 | GET      "/projects?page=1&pageSize=20"
[GIN] 2025/04/07 - 14:34:48 | 200 |   13.217625ms |             ::1 | GET      "/blueprints?type=ALL&page=1&pageSize=20"
[GIN] 2025/04/07 - 14:34:49 | 200 |   29.253292ms |             ::1 | GET      "/pipelines?page=1&pageSize=20"
make: *** [run] Hangup: 1
